<?xml version="1.0" encoding="UTF-8"?>
<!-- Generated by org.testng.reporters.JUnitXMLReporter -->
<testsuite hostname="ddins-MacBook-Air.local" name="Selenium - TestNG - Chrome on Mac" tests="2" failures="0" timestamp="23 Aug 2018 04:11:49 GMT" time="180.976" errors="0">
  <testcase name="TC010a_Installment_Buying_Through_Installment_Buying_Category_Page" time="68.771" classname="FptShop.FptShopTests"/>
  <testcase name="TC010b_Installment_Buying_Through_Installment_Buying_Category_Page" time="111.38" classname="FptShop.FptShopTests"/>
</testsuite> <!-- Selenium - TestNG - Chrome on Mac -->
